-- Found ament_cmake: 1.3.12 (/home/alexandre/ros2_humble/install/ament_cmake/share/ament_cmake/cmake)
-- Override CMake install command with custom implementation using symlinks instead of copying resources
-- Found rclcpp: 16.0.15 (/home/alexandre/ros2_humble/install/rclcpp/share/rclcpp/cmake)
-- Found rosidl_generator_c: 3.1.7 (/home/alexandre/ros2_humble/install/rosidl_generator_c/share/rosidl_generator_c/cmake)
-- Found rosidl_adapter: 3.1.7 (/home/alexandre/ros2_humble/install/rosidl_adapter/share/rosidl_adapter/cmake)
-- Found rosidl_generator_cpp: 3.1.7 (/home/alexandre/ros2_humble/install/rosidl_generator_cpp/share/rosidl_generator_cpp/cmake)
-- Using all available rosidl_typesupport_c: rosidl_typesupport_introspection_c;rosidl_typesupport_fastrtps_c
-- Using all available rosidl_typesupport_cpp: rosidl_typesupport_introspection_cpp;rosidl_typesupport_fastrtps_cpp
-- Found rmw_implementation_cmake: 6.1.2 (/home/alexandre/ros2_humble/install/rmw_implementation_cmake/share/rmw_implementation_cmake/cmake)
-- Found rmw_fastrtps_cpp: 6.2.9 (/home/alexandre/ros2_humble/install/rmw_fastrtps_cpp/share/rmw_fastrtps_cpp/cmake)
-- Using RMW implementation 'rmw_fastrtps_cpp' as default
-- Found fixed_size_msgs: 0.0.0 (/home/alexandre/iceoryx_demo_ws/src/install/fixed_size_msgs/share/fixed_size_msgs/cmake)
-- Found serial: 1.2.1 (/home/alexandre/iceoryx_demo_ws/src/install/serial/share/serial/cmake)
-- Found hardware_interface: 2.52.2 (/home/alexandre/iceoryx_demo_ws/src/install/hardware_interface/share/hardware_interface/cmake)
-- Found controller_manager: 2.52.2 (/home/alexandre/iceoryx_demo_ws/src/install/controller_manager/share/controller_manager/cmake)
-- Configuring done
-- Generating done
-- Build files have been written to: /home/alexandre/iceoryx_demo_ws/src/robot2/build/robot2
[35m[1mConsolidate compiler generated dependencies of target camera2_sub[0m
[35m[1mConsolidate compiler generated dependencies of target camera2_pub[0m
[35m[1mConsolidate compiler generated dependencies of target camera1_sub[0m
[35m[1mConsolidate compiler generated dependencies of target camera1_pub[0m
[35m[1mConsolidate compiler generated dependencies of target robot2[0m
[ 20%] Built target camera2_sub
[ 40%] Built target camera1_sub
[ 60%] Built target camera2_pub
[ 70%] [32mBuilding CXX object CMakeFiles/robot2.dir/src/robot.cpp.o[0m
[ 90%] Built target camera1_pub
[100%] [32m[1mLinking CXX shared library librobot2.so[0m
