-- The C compiler identification is GNU 11.4.0
-- The CXX compiler identification is GNU 11.4.0
-- Detecting C compiler ABI info
-- Detecting C compiler ABI info - done
-- Check for working C compiler: /usr/bin/cc - skipped
-- Detecting C compile features
-- Detecting C compile features - done
-- Detecting CXX compiler ABI info
-- Detecting CXX compiler ABI info - done
-- Check for working CXX compiler: /usr/bin/c++ - skipped
-- Detecting CXX compile features
-- Detecting CXX compile features - done
-- Found ament_cmake: 1.3.12 (/home/alexandre/ros2_humble/install/ament_cmake/share/ament_cmake/cmake)
-- Found Python3: /usr/bin/python3 (found version "3.10.12") found components: Interpreter 
-- Override CMake install command with custom implementation using symlinks instead of copying resources
-- Found rclcpp: 16.0.15 (/home/alexandre/ros2_humble/install/rclcpp/share/rclcpp/cmake)
-- Found rosidl_generator_c: 3.1.7 (/home/alexandre/ros2_humble/install/rosidl_generator_c/share/rosidl_generator_c/cmake)
-- Found rosidl_adapter: 3.1.7 (/home/alexandre/ros2_humble/install/rosidl_adapter/share/rosidl_adapter/cmake)
-- Found rosidl_generator_cpp: 3.1.7 (/home/alexandre/ros2_humble/install/rosidl_generator_cpp/share/rosidl_generator_cpp/cmake)
-- Using all available rosidl_typesupport_c: rosidl_typesupport_introspection_c;rosidl_typesupport_fastrtps_c
-- Using all available rosidl_typesupport_cpp: rosidl_typesupport_introspection_cpp;rosidl_typesupport_fastrtps_cpp
-- Found rmw_implementation_cmake: 6.1.2 (/home/alexandre/ros2_humble/install/rmw_implementation_cmake/share/rmw_implementation_cmake/cmake)
-- Found rmw_fastrtps_cpp: 6.2.9 (/home/alexandre/ros2_humble/install/rmw_fastrtps_cpp/share/rmw_fastrtps_cpp/cmake)
-- Found OpenSSL: /usr/lib/x86_64-linux-gnu/libcrypto.so (found version "3.0.2")  
-- Found FastRTPS: /home/alexandre/ros2_humble/install/fastrtps/include  
-- Using RMW implementation 'rmw_fastrtps_cpp' as default
-- Looking for pthread.h
-- Looking for pthread.h - found
-- Performing Test CMAKE_HAVE_LIBC_PTHREAD
-- Performing Test CMAKE_HAVE_LIBC_PTHREAD - Success
-- Found Threads: TRUE  
-- Found fixed_size_msgs: 0.0.0 (/home/alexandre/iceoryx_demo_ws/src/install/fixed_size_msgs/share/fixed_size_msgs/cmake)
-- Found OpenCV: /usr (found version "4.5.4") 
-- Found serial: 1.2.1 (/home/alexandre/iceoryx_demo_ws/src/install/serial/share/serial/cmake)
-- Found hardware_interface: 2.52.2 (/home/alexandre/iceoryx_demo_ws/src/install/hardware_interface/share/hardware_interface/cmake)
-- Found controller_manager: 2.52.2 (/home/alexandre/iceoryx_demo_ws/src/install/controller_manager/share/controller_manager/cmake)
-- Configuring done
-- Generating done
-- Build files have been written to: /home/alexandre/iceoryx_demo_ws/src/robot2/build/robot2
[ 10%] [32mBuilding CXX object CMakeFiles/camera2_pub.dir/src/camera2_pub.cpp.o[0m
[ 20%] [32mBuilding CXX object CMakeFiles/camera2_sub.dir/src/camera2_sub.cpp.o[0m
[ 30%] [32mBuilding CXX object CMakeFiles/robot2.dir/src/robot.cpp.o[0m
[ 40%] [32mBuilding CXX object CMakeFiles/camera1_pub.dir/src/camera1_pub.cpp.o[0m
[ 50%] [32mBuilding CXX object CMakeFiles/camera1_sub.dir/src/camera1_sub.cpp.o[0m
[ 60%] [32m[1mLinking CXX static library librobot2.a[0m
[ 60%] Built target robot2
[ 70%] [32m[1mLinking CXX executable camera2_pub[0m
[ 70%] Built target camera2_pub
[ 80%] [32m[1mLinking CXX executable camera1_pub[0m
[ 90%] [32m[1mLinking CXX executable camera1_sub[0m
[ 90%] Built target camera1_pub
[100%] [32m[1mLinking CXX executable camera2_sub[0m
[100%] Built target camera1_sub
[100%] Built target camera2_sub
-- Install configuration: ""
-- Execute custom install script
-- Symlinking: /home/alexandre/iceoryx_demo_ws/src/robot2/install/robot2/share/robot2//robot2.xml
-- Symlinking: /home/alexandre/iceoryx_demo_ws/src/robot2/install/robot2/lib/robot2//camera1_pub
-- Symlinking: /home/alexandre/iceoryx_demo_ws/src/robot2/install/robot2/lib/robot2//camera1_sub
-- Symlinking: /home/alexandre/iceoryx_demo_ws/src/robot2/install/robot2/lib/robot2//camera2_pub
-- Symlinking: /home/alexandre/iceoryx_demo_ws/src/robot2/install/robot2/lib/robot2//camera2_sub
-- Symlinking: /home/alexandre/iceoryx_demo_ws/src/robot2/install/robot2/share/robot2/urdf/gazebo.urdf.xacro
-- Symlinking: /home/alexandre/iceoryx_demo_ws/src/robot2/install/robot2/share/robot2/urdf/my_robot.urdf.xacro
-- Symlinking: /home/alexandre/iceoryx_demo_ws/src/robot2/install/robot2/share/robot2/yaml/system.yaml
-- Symlinking: /home/alexandre/iceoryx_demo_ws/src/robot2/install/robot2/share/robot2/launch/__pycache__/launch.cpython-310.pyc
-- Symlinking: /home/alexandre/iceoryx_demo_ws/src/robot2/install/robot2/share/robot2/launch/robot2_launch.py
-- Symlinking: /home/alexandre/iceoryx_demo_ws/src/robot2/install/robot2/share/ament_index/resource_index/package_run_dependencies/robot2
-- Symlinking: /home/alexandre/iceoryx_demo_ws/src/robot2/install/robot2/share/ament_index/resource_index/parent_prefix_path/robot2
-- Symlinking: /home/alexandre/iceoryx_demo_ws/src/robot2/install/robot2/share/robot2/environment/ament_prefix_path.sh
-- Symlinking: /home/alexandre/iceoryx_demo_ws/src/robot2/install/robot2/share/robot2/environment/ament_prefix_path.dsv
-- Symlinking: /home/alexandre/iceoryx_demo_ws/src/robot2/install/robot2/share/robot2/environment/path.sh
-- Symlinking: /home/alexandre/iceoryx_demo_ws/src/robot2/install/robot2/share/robot2/environment/path.dsv
-- Symlinking: /home/alexandre/iceoryx_demo_ws/src/robot2/install/robot2/share/robot2/local_setup.bash
-- Symlinking: /home/alexandre/iceoryx_demo_ws/src/robot2/install/robot2/share/robot2/local_setup.sh
-- Symlinking: /home/alexandre/iceoryx_demo_ws/src/robot2/install/robot2/share/robot2/local_setup.zsh
-- Symlinking: /home/alexandre/iceoryx_demo_ws/src/robot2/install/robot2/share/robot2/local_setup.dsv
-- Symlinking: /home/alexandre/iceoryx_demo_ws/src/robot2/install/robot2/share/robot2/package.dsv
-- Symlinking: /home/alexandre/iceoryx_demo_ws/src/robot2/install/robot2/share/ament_index/resource_index/packages/robot2
-- Symlinking: /home/alexandre/iceoryx_demo_ws/src/robot2/install/robot2/share/ament_index/resource_index/hardware_interface__pluginlib__plugin/robot2
-- Symlinking: /home/alexandre/iceoryx_demo_ws/src/robot2/install/robot2/share/robot2/cmake/robot2Config.cmake
-- Symlinking: /home/alexandre/iceoryx_demo_ws/src/robot2/install/robot2/share/robot2/cmake/robot2Config-version.cmake
-- Symlinking: /home/alexandre/iceoryx_demo_ws/src/robot2/install/robot2/share/robot2/package.xml
