-- The C compiler identification is GNU 11.4.0
-- The CXX compiler identification is GNU 11.4.0
-- Detecting C compiler ABI info
-- Detecting C compiler ABI info - done
-- Check for working C compiler: /usr/bin/cc - skipped
-- Detecting C compile features
-- Detecting C compile features - done
-- Detecting CXX compiler ABI info
-- Detecting CXX compiler ABI info - done
-- Check for working CXX compiler: /usr/bin/c++ - skipped
-- Detecting CXX compile features
-- Detecting CXX compile features - done
-- Found ament_cmake: 1.3.12 (/opt/ros/humble/share/ament_cmake/cmake)
-- Found Python3: /usr/bin/python3 (found version "3.10.12") found components: Interpreter 
-- Found rclcpp: 16.0.15 (/opt/ros/humble/share/rclcpp/cmake)
-- Found rosidl_generator_c: 3.1.7 (/opt/ros/humble/share/rosidl_generator_c/cmake)
-- Found rosidl_adapter: 3.1.7 (/opt/ros/humble/share/rosidl_adapter/cmake)
-- Found rosidl_generator_cpp: 3.1.7 (/opt/ros/humble/share/rosidl_generator_cpp/cmake)
-- Using all available rosidl_typesupport_c: rosidl_typesupport_introspection_c;rosidl_typesupport_fastrtps_c
-- Using all available rosidl_typesupport_cpp: rosidl_typesupport_introspection_cpp;rosidl_typesupport_fastrtps_cpp
-- Found rmw_implementation_cmake: 6.1.2 (/opt/ros/humble/share/rmw_implementation_cmake/cmake)
-- Found rmw_fastrtps_cpp: 6.2.9 (/opt/ros/humble/share/rmw_fastrtps_cpp/cmake)
-- Found OpenSSL: /usr/lib/x86_64-linux-gnu/libcrypto.so (found version "3.0.2")  
-- Found FastRTPS: /opt/ros/humble/include  
-- Using RMW implementation 'rmw_fastrtps_cpp' as default
-- Looking for pthread.h
-- Looking for pthread.h - found
-- Performing Test CMAKE_HAVE_LIBC_PTHREAD
-- Performing Test CMAKE_HAVE_LIBC_PTHREAD - Success
-- Found Threads: TRUE  
-- Found rclcpp_lifecycle: 16.0.15 (/opt/ros/humble/share/rclcpp_lifecycle/cmake)
-- Found hardware_interface: 2.52.0 (/opt/ros/humble/share/hardware_interface/cmake)
-- Found controller_manager: 2.52.0 (/opt/ros/humble/share/controller_manager/cmake)
-- Found ros2_control: 2.52.2 (/opt/ros/humble/share/ros2_control/cmake)
-- Found serial: 1.2.1 (/home/alexandre/iceoryx_demo_ws/install/serial/share/serial/cmake)
-- Found OpenCV: /usr (found version "4.5.4") 
-- Found fixed_size_msgs: 0.0.0 (/home/alexandre/iceoryx_demo_ws/install/fixed_size_msgs/share/fixed_size_msgs/cmake)
-- Found ament_lint_auto: 0.12.14 (/home/alexandre/ros2_humble/install/ament_lint_auto/share/ament_lint_auto/cmake)
-- Added test 'cppcheck' to perform static code analysis on C / C++ code
-- Configured cppcheck include dirs: /home/alexandre/iceoryx_demo_ws/src/example/include;$<BUILD_INTERFACE:/home/alexandre/iceoryx_demo_ws/src/example/hardware/include>
-- Configured cppcheck exclude dirs and/or files: 
-- Added test 'flake8' to check Python code syntax and style conventions
-- Added test 'lint_cmake' to check CMake code style
-- Added test 'pep257' to check Python code against some of the docstring style conventions in PEP 257
-- Added test 'uncrustify' to check C / C++ code style
-- Configured uncrustify additional arguments: 
-- Added test 'xmllint' to check XML markup files
-- Configuring done
-- Generating done
-- Build files have been written to: /home/alexandre/iceoryx_demo_ws/src/example/build/example
[  9%] [32mBuilding CXX object CMakeFiles/camera2_pub.dir/src/camera2_pub.cpp.o[0m
[ 18%] [32mBuilding CXX object CMakeFiles/camera1_sub.dir/src/camera1_sub.cpp.o[0m
[ 27%] [32mBuilding CXX object CMakeFiles/example.dir/hardware/example.cpp.o[0m
[ 36%] [32mBuilding CXX object CMakeFiles/camera2_sub.dir/src/camera2_sub.cpp.o[0m
[ 45%] [32mBuilding CXX object CMakeFiles/camera1_pub.dir/src/camera1_pub.cpp.o[0m
[ 54%] [32mBuilding CXX object CMakeFiles/example.dir/hardware/robot.cpp.o[0m
[ 54%] Built target ament_cmake_python_copy_robot_control
running egg_info
creating robot_control.egg-info
writing robot_control.egg-info/PKG-INFO
writing dependency_links to robot_control.egg-info/dependency_links.txt
writing top-level names to robot_control.egg-info/top_level.txt
writing manifest file 'robot_control.egg-info/SOURCES.txt'
reading manifest file 'robot_control.egg-info/SOURCES.txt'
writing manifest file 'robot_control.egg-info/SOURCES.txt'
[ 54%] Built target ament_cmake_python_build_robot_control_egg
[ 63%] [32m[1mLinking CXX executable camera1_sub[0m
[ 63%] Built target camera1_sub
[ 72%] [32m[1mLinking CXX shared library libexample.so[0m
[ 72%] Built target example
[ 81%] [32m[1mLinking CXX executable camera1_pub[0m
[ 81%] Built target camera1_pub
[ 90%] [32m[1mLinking CXX executable camera2_pub[0m
[ 90%] Built target camera2_pub
[100%] [32m[1mLinking CXX executable camera2_sub[0m
[100%] Built target camera2_sub
-- Install configuration: ""
-- Installing: /home/alexandre/iceoryx_demo_ws/src/example/install/example/share/example/environment/pythonpath.sh
-- Installing: /home/alexandre/iceoryx_demo_ws/src/example/install/example/share/example/environment/pythonpath.dsv
-- Installing: /home/alexandre/iceoryx_demo_ws/src/example/install/example/local/lib/python3.10/dist-packages/robot_control-0.0.0-py3.10.egg-info
-- Installing: /home/alexandre/iceoryx_demo_ws/src/example/install/example/local/lib/python3.10/dist-packages/robot_control-0.0.0-py3.10.egg-info/dependency_links.txt
-- Installing: /home/alexandre/iceoryx_demo_ws/src/example/install/example/local/lib/python3.10/dist-packages/robot_control-0.0.0-py3.10.egg-info/PKG-INFO
-- Installing: /home/alexandre/iceoryx_demo_ws/src/example/install/example/local/lib/python3.10/dist-packages/robot_control-0.0.0-py3.10.egg-info/SOURCES.txt
-- Installing: /home/alexandre/iceoryx_demo_ws/src/example/install/example/local/lib/python3.10/dist-packages/robot_control-0.0.0-py3.10.egg-info/top_level.txt
-- Installing: /home/alexandre/iceoryx_demo_ws/src/example/install/example/local/lib/python3.10/dist-packages/robot_control
-- Installing: /home/alexandre/iceoryx_demo_ws/src/example/install/example/local/lib/python3.10/dist-packages/robot_control/__init__.py
-- Installing: /home/alexandre/iceoryx_demo_ws/src/example/install/example/local/lib/python3.10/dist-packages/robot_control/twist_to_ackermann.py
Listing '/home/alexandre/iceoryx_demo_ws/src/example/install/example/local/lib/python3.10/dist-packages/robot_control'...
Compiling '/home/alexandre/iceoryx_demo_ws/src/example/install/example/local/lib/python3.10/dist-packages/robot_control/__init__.py'...
Compiling '/home/alexandre/iceoryx_demo_ws/src/example/install/example/local/lib/python3.10/dist-packages/robot_control/twist_to_ackermann.py'...
-- Installing: /home/alexandre/iceoryx_demo_ws/src/example/install/example/lib/example/twist_to_ackermann.py
-- Installing: /home/alexandre/iceoryx_demo_ws/src/example/install/example/share/example/example.xml
-- Installing: /home/alexandre/iceoryx_demo_ws/src/example/install/example/lib/example/camera1_pub
-- Set runtime path of "/home/alexandre/iceoryx_demo_ws/src/example/install/example/lib/example/camera1_pub" to ""
-- Installing: /home/alexandre/iceoryx_demo_ws/src/example/install/example/lib/example/camera1_sub
-- Set runtime path of "/home/alexandre/iceoryx_demo_ws/src/example/install/example/lib/example/camera1_sub" to ""
-- Installing: /home/alexandre/iceoryx_demo_ws/src/example/install/example/lib/example/camera2_pub
-- Set runtime path of "/home/alexandre/iceoryx_demo_ws/src/example/install/example/lib/example/camera2_pub" to ""
-- Installing: /home/alexandre/iceoryx_demo_ws/src/example/install/example/lib/example/camera2_sub
-- Set runtime path of "/home/alexandre/iceoryx_demo_ws/src/example/install/example/lib/example/camera2_sub" to ""
-- Installing: /home/alexandre/iceoryx_demo_ws/src/example/install/example/share/example/rviz/rviz
-- Installing: /home/alexandre/iceoryx_demo_ws/src/example/install/example/share/example/rviz/rviz/robot.rviz
-- Installing: /home/alexandre/iceoryx_demo_ws/src/example/install/example/share/example/rviz/rviz/rviz.rviz
-- Installing: /home/alexandre/iceoryx_demo_ws/src/example/install/example/include/example
-- Installing: /home/alexandre/iceoryx_demo_ws/src/example/install/example/include/example/example
-- Installing: /home/alexandre/iceoryx_demo_ws/src/example/install/example/include/example/example/robot.hpp
-- Installing: /home/alexandre/iceoryx_demo_ws/src/example/install/example/include/example/example/gps.hpp
-- Installing: /home/alexandre/iceoryx_demo_ws/src/example/install/example/share/example/urdf
-- Installing: /home/alexandre/iceoryx_demo_ws/src/example/install/example/share/example/urdf/my_robot.urdf.xacro
-- Installing: /home/alexandre/iceoryx_demo_ws/src/example/install/example/share/example/ros2_control_description
-- Installing: /home/alexandre/iceoryx_demo_ws/src/example/install/example/share/example/ros2_control_description/robot2_description.xacro
-- Installing: /home/alexandre/iceoryx_demo_ws/src/example/install/example/share/example/ros2_control_description/robot2.ros2_control.xacro
-- Installing: /home/alexandre/iceoryx_demo_ws/src/example/install/example/share/example/launch
-- Installing: /home/alexandre/iceoryx_demo_ws/src/example/install/example/share/example/launch/__pycache__
-- Installing: /home/alexandre/iceoryx_demo_ws/src/example/install/example/share/example/launch/__pycache__/launch.cpython-310.pyc
-- Installing: /home/alexandre/iceoryx_demo_ws/src/example/install/example/share/example/launch/robot2_launch.py
-- Installing: /home/alexandre/iceoryx_demo_ws/src/example/install/example/share/example/config
-- Installing: /home/alexandre/iceoryx_demo_ws/src/example/install/example/share/example/config/system.yaml
-- Installing: /home/alexandre/iceoryx_demo_ws/src/example/install/example/lib/libexample.so
-- Set runtime path of "/home/alexandre/iceoryx_demo_ws/src/example/install/example/lib/libexample.so" to ""
-- Installing: /home/alexandre/iceoryx_demo_ws/src/example/install/example/share/ament_index/resource_index/package_run_dependencies/example
-- Installing: /home/alexandre/iceoryx_demo_ws/src/example/install/example/share/ament_index/resource_index/parent_prefix_path/example
-- Installing: /home/alexandre/iceoryx_demo_ws/src/example/install/example/share/example/environment/ament_prefix_path.sh
-- Installing: /home/alexandre/iceoryx_demo_ws/src/example/install/example/share/example/environment/ament_prefix_path.dsv
-- Installing: /home/alexandre/iceoryx_demo_ws/src/example/install/example/share/example/environment/path.sh
-- Installing: /home/alexandre/iceoryx_demo_ws/src/example/install/example/share/example/environment/path.dsv
-- Installing: /home/alexandre/iceoryx_demo_ws/src/example/install/example/share/example/local_setup.bash
-- Installing: /home/alexandre/iceoryx_demo_ws/src/example/install/example/share/example/local_setup.sh
-- Installing: /home/alexandre/iceoryx_demo_ws/src/example/install/example/share/example/local_setup.zsh
-- Installing: /home/alexandre/iceoryx_demo_ws/src/example/install/example/share/example/local_setup.dsv
-- Installing: /home/alexandre/iceoryx_demo_ws/src/example/install/example/share/example/package.dsv
-- Installing: /home/alexandre/iceoryx_demo_ws/src/example/install/example/share/ament_index/resource_index/packages/example
-- Installing: /home/alexandre/iceoryx_demo_ws/src/example/install/example/share/ament_index/resource_index/hardware_interface__pluginlib__plugin/example
-- Installing: /home/alexandre/iceoryx_demo_ws/src/example/install/example/share/example/cmake/exampleConfig.cmake
-- Installing: /home/alexandre/iceoryx_demo_ws/src/example/install/example/share/example/cmake/exampleConfig-version.cmake
-- Installing: /home/alexandre/iceoryx_demo_ws/src/example/install/example/share/example/package.xml
